生成启动时间为 2018/12/11 17:24:57。
     1>项目“C:\Users\Administrator\Desktop\B16070404陈慧\B16070404陈慧源码\最终系统\最终系统.vcxproj”在节点 2 上(Build 个目标)。
     1>ClCompile:
         C:\Program Files (x86)\Microsoft Visual Studio 11.0\VC\bin\CL.exe /c /ZI /nologo /W3 /WX- /Od /Oy- /D WIN32 /D _DEBUG /D _CONSOLE /D _UNICODE /D UNICODE /Gm /EHsc /RTC1 /MDd /GS /fp:precise /Zc:wchar_t /Zc:forScope /Fo"Debug\\" /Fd"Debug\vc110.pdb" /Gd /TP /analyze- /errorReport:prompt "源.cpp"
         源.cpp
     1>c:\users\administrator\desktop\b16070404陈慧\b16070404陈慧源码\最终系统\源.cpp(155): warning C4334: “<<”: 32 位移位的结果被隐式转换为 64 位(是否希望进行 64 位移位?)
     1>c:\users\administrator\desktop\b16070404陈慧\b16070404陈慧源码\最终系统\源.cpp(373): warning C4018: “<”: 有符号/无符号不匹配
     1>c:\users\administrator\desktop\b16070404陈慧\b16070404陈慧源码\最终系统\源.cpp(486): warning C4996: 'strcpy': This function or variable may be unsafe. Consider using strcpy_s instead. To disable deprecation, use _CRT_SECURE_NO_WARNINGS. See online help for details.
                 c:\program files (x86)\microsoft visual studio 11.0\vc\include\string.h(110) : 参见“strcpy”的声明
     1>c:\users\administrator\desktop\b16070404陈慧\b16070404陈慧源码\最终系统\源.cpp(650): warning C4996: 'scanf': This function or variable may be unsafe. Consider using scanf_s instead. To disable deprecation, use _CRT_SECURE_NO_WARNINGS. See online help for details.
                 c:\program files (x86)\microsoft visual studio 11.0\vc\include\stdio.h(290) : 参见“scanf”的声明
     1>c:\users\administrator\desktop\b16070404陈慧\b16070404陈慧源码\最终系统\源.cpp(653): warning C4018: “<”: 有符号/无符号不匹配
     1>c:\users\administrator\desktop\b16070404陈慧\b16070404陈慧源码\最终系统\源.cpp(663): warning C4018: “<”: 有符号/无符号不匹配
     1>c:\users\administrator\desktop\b16070404陈慧\b16070404陈慧源码\最终系统\源.cpp(665): warning C4244: “=”: 从“unsigned __int64”转换到“unsigned char”，可能丢失数据
     1>c:\users\administrator\desktop\b16070404陈慧\b16070404陈慧源码\最终系统\源.cpp(434): warning C4101: “kk”: 未引用的局部变量
     1>c:\users\administrator\desktop\b16070404陈慧\b16070404陈慧源码\最终系统\源.cpp(573): warning C4101: “l”: 未引用的局部变量
       Link:
         C:\Program Files (x86)\Microsoft Visual Studio 11.0\VC\bin\link.exe /ERRORREPORT:PROMPT /OUT:"C:\Users\Administrator\Desktop\B16070404陈慧\B16070404陈慧源码\Debug\最终系统.exe" /INCREMENTAL /NOLOGO kernel32.lib user32.lib gdi32.lib winspool.lib comdlg32.lib advapi32.lib shell32.lib ole32.lib oleaut32.lib uuid.lib odbc32.lib odbccp32.lib /MANIFEST /MANIFESTUAC:"level='asInvoker' uiAccess='false'" /manifest:embed /DEBUG /PDB:"C:\Users\Administrator\Desktop\B16070404陈慧\B16070404陈慧源码\Debug\最终系统.pdb" /SUBSYSTEM:CONSOLE /TLBID:1 /DYNAMICBASE /NXCOMPAT /IMPLIB:"C:\Users\Administrator\Desktop\B16070404陈慧\B16070404陈慧源码\Debug\最终系统.lib" /MACHINE:X86 "Debug\源.obj"
         最终系统.vcxproj -> C:\Users\Administrator\Desktop\B16070404陈慧\B16070404陈慧源码\Debug\最终系统.exe
     1>已完成生成项目“C:\Users\Administrator\Desktop\B16070404陈慧\B16070404陈慧源码\最终系统\最终系统.vcxproj”(Build 个目标)的操作。

生成成功。

已用时间 00:00:06.22
